  Body.cpp
d:\digipen\semester's\1st sem\cs529\milestone 4\just-another-space-shooter-prototype\just another space shooter\game engine\controller.h(6): warning C4099: 'SDL_Surface': type name first seen using 'struct' now seen using 'class'
  d:\digipen\semester's\1st sem\cs529\milestone 4\just-another-space-shooter-prototype\just another space shooter\sdl2.0 lib\include\sdl_surface.h(70): note: see declaration of 'SDL_Surface'
d:\digipen\semester's\1st sem\cs529\milestone 4\just-another-space-shooter-prototype\just another space shooter\game engine\body.cpp(81): warning C4474: 'fscanf' : too many arguments passed for format string
  d:\digipen\semester's\1st sem\cs529\milestone 4\just-another-space-shooter-prototype\just another space shooter\game engine\body.cpp(81): note: placeholders and their parameters expect 1 variadic arguments, but 2 were provided
  Collisionmanager.cpp
  component.cpp
  controller.cpp
d:\digipen\semester's\1st sem\cs529\milestone 4\just-another-space-shooter-prototype\just another space shooter\game engine\controller.h(6): warning C4099: 'SDL_Surface': type name first seen using 'struct' now seen using 'class'
  d:\digipen\semester's\1st sem\cs529\milestone 4\just-another-space-shooter-prototype\just another space shooter\sdl2.0 lib\include\sdl_surface.h(70): note: see declaration of 'SDL_Surface'
d:\digipen\semester's\1st sem\cs529\milestone 4\just-another-space-shooter-prototype\just another space shooter\game engine\sprite.h(37): warning C4099: 'SDL_Surface': type name first seen using 'struct' now seen using 'class'
  d:\digipen\semester's\1st sem\cs529\milestone 4\just-another-space-shooter-prototype\just another space shooter\game engine\controller.h(6): note: see declaration of 'SDL_Surface'
d:\digipen\semester's\1st sem\cs529\milestone 4\just-another-space-shooter-prototype\just another space shooter\game engine\controller.cpp(86): warning C4244: 'argument': conversion from 'double' to 'float', possible loss of data
d:\digipen\semester's\1st sem\cs529\milestone 4\just-another-space-shooter-prototype\just another space shooter\game engine\controller.cpp(87): warning C4244: 'argument': conversion from 'double' to 'float', possible loss of data
d:\digipen\semester's\1st sem\cs529\milestone 4\just-another-space-shooter-prototype\just another space shooter\game engine\controller.cpp(103): warning C4244: '-=': conversion from 'double' to 'float', possible loss of data
d:\digipen\semester's\1st sem\cs529\milestone 4\just-another-space-shooter-prototype\just another space shooter\game engine\controller.cpp(119): warning C4244: '+=': conversion from 'double' to 'float', possible loss of data
d:\digipen\semester's\1st sem\cs529\milestone 4\just-another-space-shooter-prototype\just another space shooter\game engine\controller.cpp(130): warning C4244: 'argument': conversion from 'double' to 'float', possible loss of data
d:\digipen\semester's\1st sem\cs529\milestone 4\just-another-space-shooter-prototype\just another space shooter\game engine\controller.cpp(131): warning C4244: 'argument': conversion from 'double' to 'float', possible loss of data
d:\digipen\semester's\1st sem\cs529\milestone 4\just-another-space-shooter-prototype\just another space shooter\game engine\controller.cpp(165): warning C4244: 'argument': conversion from 'double' to 'float', possible loss of data
d:\digipen\semester's\1st sem\cs529\milestone 4\just-another-space-shooter-prototype\just another space shooter\game engine\controller.cpp(166): warning C4244: 'argument': conversion from 'double' to 'float', possible loss of data
d:\digipen\semester's\1st sem\cs529\milestone 4\just-another-space-shooter-prototype\just another space shooter\game engine\controller.cpp(234): warning C4244: 'argument': conversion from 'double' to 'float', possible loss of data
d:\digipen\semester's\1st sem\cs529\milestone 4\just-another-space-shooter-prototype\just another space shooter\game engine\controller.cpp(235): warning C4244: 'argument': conversion from 'double' to 'float', possible loss of data
  Enemy.cpp
d:\digipen\semester's\1st sem\cs529\milestone 4\just-another-space-shooter-prototype\just another space shooter\game engine\controller.h(6): warning C4099: 'SDL_Surface': type name first seen using 'struct' now seen using 'class'
  d:\digipen\semester's\1st sem\cs529\milestone 4\just-another-space-shooter-prototype\just another space shooter\sdl2.0 lib\include\sdl_surface.h(70): note: see declaration of 'SDL_Surface'
d:\digipen\semester's\1st sem\cs529\milestone 4\just-another-space-shooter-prototype\just another space shooter\game engine\enemy.cpp(22): warning C4838: conversion from 'double' to 'float' requires a narrowing conversion
d:\digipen\semester's\1st sem\cs529\milestone 4\just-another-space-shooter-prototype\just another space shooter\game engine\enemy.cpp(22): warning C4305: 'initializing': truncation from 'double' to 'float'
d:\digipen\semester's\1st sem\cs529\milestone 4\just-another-space-shooter-prototype\just another space shooter\game engine\enemy.cpp(86): warning C4244: '=': conversion from 'int' to 'float', possible loss of data
d:\digipen\semester's\1st sem\cs529\milestone 4\just-another-space-shooter-prototype\just another space shooter\game engine\enemy.cpp(87): warning C4244: '=': conversion from 'int' to 'float', possible loss of data
d:\digipen\semester's\1st sem\cs529\milestone 4\just-another-space-shooter-prototype\just another space shooter\game engine\enemy.cpp(97): warning C4305: '=': truncation from 'double' to 'float'
d:\digipen\semester's\1st sem\cs529\milestone 4\just-another-space-shooter-prototype\just another space shooter\game engine\enemy.cpp(73): warning C4101: 'vyr': unreferenced local variable
d:\digipen\semester's\1st sem\cs529\milestone 4\just-another-space-shooter-prototype\just another space shooter\game engine\enemy.cpp(73): warning C4101: 'scx': unreferenced local variable
d:\digipen\semester's\1st sem\cs529\milestone 4\just-another-space-shooter-prototype\just another space shooter\game engine\enemy.cpp(73): warning C4101: 'scy': unreferenced local variable
d:\digipen\semester's\1st sem\cs529\milestone 4\just-another-space-shooter-prototype\just another space shooter\game engine\enemy.cpp(73): warning C4101: 't': unreferenced local variable
d:\digipen\semester's\1st sem\cs529\milestone 4\just-another-space-shooter-prototype\just another space shooter\game engine\enemy.cpp(73): warning C4101: 'r': unreferenced local variable
d:\digipen\semester's\1st sem\cs529\milestone 4\just-another-space-shooter-prototype\just another space shooter\game engine\enemy.cpp(73): warning C4101: 'vxr': unreferenced local variable
  Eventmanager.cpp
  frc.cpp
  gameobject.cpp
d:\digipen\semester's\1st sem\cs529\milestone 4\just-another-space-shooter-prototype\just another space shooter\game engine\controller.h(6): warning C4099: 'SDL_Surface': type name first seen using 'struct' now seen using 'class'
  d:\digipen\semester's\1st sem\cs529\milestone 4\just-another-space-shooter-prototype\just another space shooter\sdl2.0 lib\include\sdl_surface.h(70): note: see declaration of 'SDL_Surface'
d:\digipen\semester's\1st sem\cs529\milestone 4\just-another-space-shooter-prototype\just another space shooter\game engine\sprite.h(37): warning C4099: 'SDL_Surface': type name first seen using 'struct' now seen using 'class'
  d:\digipen\semester's\1st sem\cs529\milestone 4\just-another-space-shooter-prototype\just another space shooter\game engine\controller.h(6): note: see declaration of 'SDL_Surface'
  GameObjectManager.cpp
  HomingEnemy.cpp
d:\digipen\semester's\1st sem\cs529\milestone 4\just-another-space-shooter-prototype\just another space shooter\game engine\controller.h(6): warning C4099: 'SDL_Surface': type name first seen using 'struct' now seen using 'class'
  d:\digipen\semester's\1st sem\cs529\milestone 4\just-another-space-shooter-prototype\just another space shooter\sdl2.0 lib\include\sdl_surface.h(70): note: see declaration of 'SDL_Surface'
d:\digipen\semester's\1st sem\cs529\milestone 4\just-another-space-shooter-prototype\just another space shooter\game engine\homingenemy.cpp(48): warning C4101: 'count': unreferenced local variable
  Homingmissile.cpp
d:\digipen\semester's\1st sem\cs529\milestone 4\just-another-space-shooter-prototype\just another space shooter\game engine\controller.h(6): warning C4099: 'SDL_Surface': type name first seen using 'struct' now seen using 'class'
  d:\digipen\semester's\1st sem\cs529\milestone 4\just-another-space-shooter-prototype\just another space shooter\sdl2.0 lib\include\sdl_surface.h(70): note: see declaration of 'SDL_Surface'
d:\digipen\semester's\1st sem\cs529\milestone 4\just-another-space-shooter-prototype\just another space shooter\game engine\sprite.h(37): warning C4099: 'SDL_Surface': type name first seen using 'struct' now seen using 'class'
  d:\digipen\semester's\1st sem\cs529\milestone 4\just-another-space-shooter-prototype\just another space shooter\game engine\controller.h(6): note: see declaration of 'SDL_Surface'
d:\digipen\semester's\1st sem\cs529\milestone 4\just-another-space-shooter-prototype\just another space shooter\game engine\homingmissile.cpp(336): warning C4305: 'argument': truncation from 'double' to 'float'
d:\digipen\semester's\1st sem\cs529\milestone 4\just-another-space-shooter-prototype\just another space shooter\game engine\homingmissile.cpp(342): warning C4244: 'argument': conversion from 'double' to 'float', possible loss of data
d:\digipen\semester's\1st sem\cs529\milestone 4\just-another-space-shooter-prototype\just another space shooter\game engine\homingmissile.cpp(342): warning C4244: '=': conversion from 'double' to 'float', possible loss of data
d:\digipen\semester's\1st sem\cs529\milestone 4\just-another-space-shooter-prototype\just another space shooter\game engine\homingmissile.cpp(343): warning C4244: 'argument': conversion from 'double' to 'float', possible loss of data
d:\digipen\semester's\1st sem\cs529\milestone 4\just-another-space-shooter-prototype\just another space shooter\game engine\homingmissile.cpp(343): warning C4244: '=': conversion from 'double' to 'float', possible loss of data
d:\digipen\semester's\1st sem\cs529\milestone 4\just-another-space-shooter-prototype\just another space shooter\game engine\homingmissile.cpp(269): warning C4101: 'dist_target': unreferenced local variable
  LineSegment2D.cpp
  Math2D.cpp
d:\digipen\semester's\1st sem\cs529\milestone 4\just-another-space-shooter-prototype\just another space shooter\game engine\math2d.cpp(244): warning C4101: 'res': unreferenced local variable
d:\digipen\semester's\1st sem\cs529\milestone 4\just-another-space-shooter-prototype\just another space shooter\game engine\math2d.cpp(279): warning C4101: 'res': unreferenced local variable
  Matrix2D.cpp
d:\digipen\semester's\1st sem\cs529\milestone 4\just-another-space-shooter-prototype\just another space shooter\game engine\matrix2d.cpp(178): warning C4244: 'initializing': conversion from 'double' to 'float', possible loss of data
  ObjectFactory.cpp
d:\digipen\semester's\1st sem\cs529\milestone 4\just-another-space-shooter-prototype\just another space shooter\game engine\controller.h(6): warning C4099: 'SDL_Surface': type name first seen using 'struct' now seen using 'class'
  d:\digipen\semester's\1st sem\cs529\milestone 4\just-another-space-shooter-prototype\just another space shooter\sdl2.0 lib\include\sdl_surface.h(70): note: see declaration of 'SDL_Surface'
d:\digipen\semester's\1st sem\cs529\milestone 4\just-another-space-shooter-prototype\just another space shooter\game engine\sprite.h(37): warning C4099: 'SDL_Surface': type name first seen using 'struct' now seen using 'class'
  d:\digipen\semester's\1st sem\cs529\milestone 4\just-another-space-shooter-prototype\just another space shooter\game engine\controller.h(6): note: see declaration of 'SDL_Surface'
  phantomengine.cpp
d:\digipen\semester's\1st sem\cs529\milestone 4\just-another-space-shooter-prototype\just another space shooter\game engine\controller.h(6): warning C4099: 'SDL_Surface': type name first seen using 'struct' now seen using 'class'
  d:\digipen\semester's\1st sem\cs529\milestone 4\just-another-space-shooter-prototype\just another space shooter\sdl2.0 lib\include\sdl_surface.h(70): note: see declaration of 'SDL_Surface'
d:\digipen\semester's\1st sem\cs529\milestone 4\just-another-space-shooter-prototype\just another space shooter\game engine\sprite.h(37): warning C4099: 'SDL_Surface': type name first seen using 'struct' now seen using 'class'
  d:\digipen\semester's\1st sem\cs529\milestone 4\just-another-space-shooter-prototype\just another space shooter\game engine\controller.h(6): note: see declaration of 'SDL_Surface'
d:\digipen\semester's\1st sem\cs529\milestone 4\just-another-space-shooter-prototype\just another space shooter\game engine\shader.h(53): warning C4101: 'infoLog': unreferenced local variable
d:\digipen\semester's\1st sem\cs529\milestone 4\just-another-space-shooter-prototype\just another space shooter\game engine\shader.h(52): warning C4101: 'success': unreferenced local variable
d:\digipen\semester's\1st sem\cs529\milestone 4\just-another-space-shooter-prototype\just another space shooter\game engine\phantomengine.cpp(611): warning C4101: 'transformmatrix': unreferenced local variable
  inputmanager.cpp
  Physicsmanager.cpp
d:\digipen\semester's\1st sem\cs529\milestone 4\just-another-space-shooter-prototype\just another space shooter\game engine\controller.h(6): warning C4099: 'SDL_Surface': type name first seen using 'struct' now seen using 'class'
  d:\digipen\semester's\1st sem\cs529\milestone 4\just-another-space-shooter-prototype\just another space shooter\sdl2.0 lib\include\sdl_surface.h(70): note: see declaration of 'SDL_Surface'
  rsrcmgr.cpp
  sprite.cpp
d:\digipen\semester's\1st sem\cs529\milestone 4\just-another-space-shooter-prototype\just another space shooter\game engine\sprite.h(37): warning C4099: 'SDL_Surface': type name first seen using 'struct' now seen using 'class'
  d:\digipen\semester's\1st sem\cs529\milestone 4\just-another-space-shooter-prototype\just another space shooter\sdl2.0 lib\include\sdl_surface.h(70): note: see declaration of 'SDL_Surface'
  Compiling...
  TextRendering.cpp
  transform.cpp
d:\digipen\semester's\1st sem\cs529\milestone 4\just-another-space-shooter-prototype\just another space shooter\game engine\controller.h(6): warning C4099: 'SDL_Surface': type name first seen using 'struct' now seen using 'class'
  d:\digipen\semester's\1st sem\cs529\milestone 4\just-another-space-shooter-prototype\just another space shooter\sdl2.0 lib\include\sdl_surface.h(70): note: see declaration of 'SDL_Surface'
d:\digipen\semester's\1st sem\cs529\milestone 4\just-another-space-shooter-prototype\just another space shooter\game engine\transform.cpp(79): warning C4474: 'fscanf_s' : too many arguments passed for format string
  d:\digipen\semester's\1st sem\cs529\milestone 4\just-another-space-shooter-prototype\just another space shooter\game engine\transform.cpp(79): note: placeholders and their parameters expect 2 variadic arguments, but 3 were provided
  updown.cpp
d:\digipen\semester's\1st sem\cs529\milestone 4\just-another-space-shooter-prototype\just another space shooter\game engine\controller.h(6): warning C4099: 'SDL_Surface': type name first seen using 'struct' now seen using 'class'
  d:\digipen\semester's\1st sem\cs529\milestone 4\just-another-space-shooter-prototype\just another space shooter\sdl2.0 lib\include\sdl_surface.h(70): note: see declaration of 'SDL_Surface'
d:\digipen\semester's\1st sem\cs529\milestone 4\just-another-space-shooter-prototype\just another space shooter\game engine\updown.cpp(63): warning C4305: '+=': truncation from 'double' to 'float'
d:\digipen\semester's\1st sem\cs529\milestone 4\just-another-space-shooter-prototype\just another space shooter\game engine\updown.cpp(78): warning C4305: '-=': truncation from 'double' to 'float'
d:\digipen\semester's\1st sem\cs529\milestone 4\just-another-space-shooter-prototype\just another space shooter\game engine\updown.cpp(55): warning C4101: 'count': unreferenced local variable
  Vector2D.cpp
d:\digipen\semester's\1st sem\cs529\milestone 4\just-another-space-shooter-prototype\just another space shooter\game engine\vector2d.cpp(119): warning C4244: 'return': conversion from 'double' to 'float', possible loss of data
d:\digipen\semester's\1st sem\cs529\milestone 4\just-another-space-shooter-prototype\just another space shooter\game engine\vector2d.cpp(134): warning C4244: 'return': conversion from 'double' to 'float', possible loss of data
d:\digipen\semester's\1st sem\cs529\milestone 4\just-another-space-shooter-prototype\just another space shooter\game engine\vector2d.cpp(156): warning C4244: 'initializing': conversion from 'double' to 'float', possible loss of data
d:\digipen\semester's\1st sem\cs529\milestone 4\just-another-space-shooter-prototype\just another space shooter\game engine\vector2d.cpp(157): warning C4244: '=': conversion from 'double' to 'float', possible loss of data
d:\digipen\semester's\1st sem\cs529\milestone 4\just-another-space-shooter-prototype\just another space shooter\game engine\vector2d.cpp(158): warning C4244: '=': conversion from 'double' to 'float', possible loss of data
d:\digipen\semester's\1st sem\cs529\milestone 4\just-another-space-shooter-prototype\just another space shooter\game engine\vector2d.cpp(165): warning C4244: '=': conversion from 'double' to 'float', possible loss of data
d:\digipen\semester's\1st sem\cs529\milestone 4\just-another-space-shooter-prototype\just another space shooter\game engine\vector2d.cpp(166): warning C4244: '=': conversion from 'double' to 'float', possible loss of data
d:\digipen\semester's\1st sem\cs529\milestone 4\just-another-space-shooter-prototype\just another space shooter\game engine\vector2d.cpp(173): warning C4244: '=': conversion from 'double' to 'float', possible loss of data
d:\digipen\semester's\1st sem\cs529\milestone 4\just-another-space-shooter-prototype\just another space shooter\game engine\vector2d.cpp(174): warning C4244: '=': conversion from 'double' to 'float', possible loss of data
MSVCRTD.lib(initializers.obj) : warning LNK4098: defaultlib 'msvcrt.lib' conflicts with use of other libs; use /NODEFAULTLIB:library
  Generating code
d:\digipen\semester's\1st sem\cs529\milestone 4\just-another-space-shooter-prototype\just another space shooter\game engine\phantomengine.cpp(556): warning C4715: 'phantomengine::init': not all control paths return a value
  1351 of 1351 functions (100.0%) were compiled, the rest were copied from previous compilation.
    360 functions were new in current compilation
    0 functions had inline decision re-evaluated but remain unchanged
  Finished generating code
SDL2main.lib(SDL_windows_main.obj) : warning LNK4049: locally defined symbol ___iob_func imported
  Game Engine.vcxproj -> D:\DIGIPEN\Semester's\1st sem\CS529\Milestone 4\Just-Another-Space-Shooter-Prototype\Just Another Space Shooter\Game Engine\Debug\Game Engine.exe
