i:\1004\milestone 4\game engine\release\vc140.pdb
i:\1004\milestone 4\game engine\release\rsrcmgr.obj
i:\1004\milestone 4\game engine\release\physicsmanager.obj
i:\1004\milestone 4\game engine\release\inputmanager.obj
i:\1004\milestone 4\game engine\release\phantomengine.obj
i:\1004\milestone 4\game engine\release\objectfactory.obj
i:\1004\milestone 4\game engine\release\matrix2d.obj
i:\1004\milestone 4\game engine\release\math2d.obj
i:\1004\milestone 4\game engine\release\linesegment2d.obj
i:\1004\milestone 4\game engine\release\homingmissile.obj
i:\1004\milestone 4\game engine\release\homingenemy.obj
i:\1004\milestone 4\game engine\release\gameobjectmanager.obj
i:\1004\milestone 4\game engine\release\gameobject.obj
i:\1004\milestone 4\game engine\release\frc.obj
i:\1004\milestone 4\game engine\release\eventmanager.obj
i:\1004\milestone 4\game engine\release\enemy.obj
i:\1004\milestone 4\game engine\release\controller.obj
i:\1004\milestone 4\game engine\release\component.obj
i:\1004\milestone 4\game engine\release\collisionmanager.obj
i:\1004\milestone 4\game engine\release\body.obj
i:\1004\milestone 4\game engine\release\vector2d.obj
i:\1004\milestone 4\game engine\release\updown.obj
i:\1004\milestone 4\game engine\release\transform.obj
i:\1004\milestone 4\game engine\release\sprite.obj
i:\1004\milestone 4\game engine\release\game engine.exe
i:\1004\milestone 4\game engine\release\game engine.ipdb
i:\1004\milestone 4\game engine\release\game engine.iobj
i:\1004\milestone 4\game engine\release\game engine.pdb
i:\1004\milestone 4\game engine\release\game engine.tlog\cl.command.1.tlog
i:\1004\milestone 4\game engine\release\game engine.tlog\cl.read.1.tlog
i:\1004\milestone 4\game engine\release\game engine.tlog\cl.write.1.tlog
i:\1004\milestone 4\game engine\release\game engine.tlog\link.command.1.tlog
i:\1004\milestone 4\game engine\release\game engine.tlog\link.read.1.tlog
i:\1004\milestone 4\game engine\release\game engine.tlog\link.write.1.tlog
